Test it 0
('current state: ', [[4, 2, 1, 2, 2], [4, 2, 0, 2, 2], [4, 2, 3, 2, 2], [4, 2, 0, 2, 2], [4, 2, 1, 2, 2], [4, 2, 1, 2, 2], [4, 2, 1, 2, 2], [4, 2, 2, 2, 2], [4, 2, 2, 2, 2], [4, 2, 1, 2, 2]])
('sampled state: ', [tensor([2, 4, 3, 2, 2]), tensor([5, 6, 2, 2, 2]), tensor([5, 4, 2, 2, 2]), tensor([2, 1, 1, 2, 2]), tensor([2, 1, 1, 2, 2]), tensor([3, 4, 3, 2, 2]), tensor([3, 4, 3, 2, 2]), tensor([3, 2, 1, 2, 2]), tensor([5, 6, 0, 2, 2]), tensor([2, 2, 0, 2, 2])])
('sampled action: ', [2, 0, 3, 3, 0, 2, 3, 3, 0, 0])
('current state: ', [[4, 3, 1, 2, 2], [4, 3, 0, 2, 2], [4, 3, 0, 2, 2], [4, 3, 0, 2, 2], [4, 3, 3, 2, 2], [4, 2, 3, 2, 2], [4, 2, 3, 2, 2], [4, 2, 3, 2, 2], [4, 2, 2, 2, 2], [4, 2, 1, 2, 2]])
('sampled state: ', [tensor([4, 3, 3, 2, 2]), tensor([2, 3, 3, 2, 2]), tensor([4, 4, 3, 2, 2]), tensor([2, 4, 1, 2, 2]), tensor([0, 6, 1, 2, 2]), tensor([2, 4, 2, 2, 2]), tensor([0, 6, 0, 2, 2]), tensor([3, 1, 1, 2, 2]), tensor([3, 6, 3, 2, 2]), tensor([2, 2, 0, 2, 2])])
('sampled action: ', [0, 0, 0, 2, 2, 3, 3, 3, 1, 1])
('actions: ', [2, 0, 0, 1, 1, 3, 3, 1, 3, 0, 2, 0, 3, 3, 0, 2, 3, 3, 0, 0, 0, 0, 0, 2, 2, 3])
('current state: ', [[4, 1, 2, 6, 1], [4, 1, 2, 6, 1], [4, 1, 2, 6, 1], [4, 1, 1, 6, 1], [4, 1, 0, 6, 1], [4, 1, 3, 6, 1], [4, 1, 2, 6, 1], [4, 1, 1, 6, 1], [4, 1, 1, 6, 1], [4, 1, 1, 6, 1]])
('sampled state: ', [tensor([5, 2, 0, 6, 1]), tensor([3, 1, 0, 6, 1]), tensor([5, 5, 2, 6, 1]), tensor([4, 2, 3, 6, 1]), tensor([3, 4, 2, 6, 1]), tensor([0, 2, 1, 6, 1]), tensor([5, 1, 0, 6, 1]), tensor([5, 3, 3, 6, 1]), tensor([5, 1, 2, 6, 1]), tensor([6, 1, 0, 6, 1])])
('sampled action: ', [0, 1, 2, 2, 2, 3, 2, 1, 1, 1])
('current state: ', [[4, 1, 0, 6, 1], [4, 1, 1, 6, 1], [4, 2, 1, 6, 1], [4, 3, 1, 6, 1], [4, 4, 1, 6, 1], [4, 4, 1, 6, 1], [4, 5, 1, 6, 1], [4, 5, 2, 6, 1], [4, 5, 3, 6, 1], [4, 5, 0, 6, 1]])
('sampled state: ', [tensor([4, 1, 3, 6, 1]), tensor([3, 6, 3, 6, 1]), tensor([5, 2, 3, 6, 1]), tensor([2, 3, 3, 6, 1]), tensor([2, 2, 2, 6, 1]), tensor([4, 4, 0, 6, 1]), tensor([4, 1, 3, 6, 1]), tensor([1, 2, 1, 6, 1]), tensor([3, 4, 3, 6, 1]), tensor([6, 1, 0, 6, 1])])
('sampled action: ', [2, 2, 2, 1, 0, 2, 0, 1, 3, 0])
('current state: ', [[5, 5, 0, 6, 1], [5, 5, 0, 6, 1], [5, 5, 0, 6, 1], [5, 5, 1, 6, 1], [5, 5, 0, 6, 1], [5, 5, 0, 6, 1], [5, 5, 3, 6, 1], [5, 5, 0, 6, 1], [5, 5, 0, 6, 1], [5, 5, 3, 6, 1]])
('sampled state: ', [tensor([1, 4, 1, 6, 1]), tensor([3, 4, 2, 6, 1]), tensor([4, 4, 1, 6, 1]), tensor([2, 2, 3, 6, 1]), tensor([3, 2, 3, 6, 1]), tensor([1, 1, 3, 6, 1]), tensor([3, 4, 2, 6, 1]), tensor([1, 1, 0, 6, 1]), tensor([3, 3, 2, 6, 1]), tensor([6, 1, 0, 6, 1])])
('sampled action: ', [1, 3, 2, 3, 2, 2, 0, 3, 2, 2])
('current state: ', [[5, 5, 0, 6, 1], [5, 5, 0, 6, 1], [5, 5, 0, 6, 1], [5, 5, 0, 6, 1], [5, 5, 0, 6, 1], [5, 5, 0, 6, 1], [5, 5, 3, 6, 1], [5, 5, 3, 6, 1], [5, 4, 3, 6, 1], [5, 3, 3, 6, 1]])
('sampled state: ', [tensor([5, 4, 3, 6, 1]), tensor([2, 2, 0, 6, 1]), tensor([2, 1, 3, 6, 1]), tensor([4, 3, 3, 6, 1]), tensor([1, 4, 0, 6, 1]), tensor([5, 2, 3, 6, 1]), tensor([2, 3, 0, 6, 1]), tensor([5, 4, 2, 6, 1]), tensor([5, 2, 0, 6, 1]), tensor([6, 1, 0, 6, 1])])
('sampled action: ', [3, 1, 1, 1, 2, 1, 3, 2, 1, 0])
('current state: ', [[5, 3, 3, 6, 1], [5, 3, 0, 6, 1], [5, 3, 1, 6, 1], [5, 3, 2, 6, 1], [4, 3, 2, 6, 1], [4, 3, 3, 6, 1], [4, 3, 3, 6, 1], [4, 2, 3, 6, 1], [4, 2, 0, 6, 1], [4, 2, 3, 6, 1]])
('sampled state: ', [tensor([3, 4, 3, 6, 1]), tensor([0, 1, 2, 6, 1]), tensor([2, 2, 2, 6, 1]), tensor([3, 1, 3, 6, 1]), tensor([4, 2, 0, 6, 1]), tensor([5, 2, 2, 6, 1]), tensor([5, 2, 3, 6, 1]), tensor([4, 1, 2, 6, 1]), tensor([4, 3, 1, 6, 1]), tensor([6, 1, 0, 6, 1])])
('sampled action: ', [0, 3, 1, 0, 3, 2, 1, 2, 2, 1])
('current state: ', [[4, 2, 2, 6, 1], [4, 2, 2, 6, 1], [4, 2, 3, 6, 1], [4, 2, 2, 6, 1], [4, 2, 2, 6, 1], [3, 2, 2, 6, 1], [3, 2, 3, 6, 1], [3, 1, 3, 6, 1], [3, 1, 3, 6, 1], [3, 1, 0, 6, 1]])
('sampled state: ', [tensor([1, 6, 0, 6, 1]), tensor([2, 3, 3, 6, 1]), tensor([4, 4, 3, 6, 1]), tensor([0, 4, 2, 6, 1]), tensor([4, 1, 1, 6, 1]), tensor([2, 3, 2, 6, 1]), tensor([5, 1, 0, 6, 1]), tensor([2, 1, 2, 6, 1]), tensor([2, 2, 3, 6, 1]), tensor([6, 1, 0, 6, 1])])
('sampled action: ', [3, 0, 0, 3, 3, 2, 0, 1, 0, 1])
('actions: ', [1, 3, 3, 0, 0, 0, 0, 0, 3, 3, 0, 1, 2, 2, 2, 3, 2, 1, 1, 1, 2, 2, 2, 1, 0, 2, 0, 1, 3, 0, 1, 3, 2, 3, 2, 2, 0, 3, 2, 2, 3, 1, 1, 1, 2, 1, 3, 2, 1, 0, 0, 3, 1, 0, 3, 2, 1, 2, 2, 1, 3, 0, 0, 3])
('current state: ', [[2, 3, 2, 2, 2], [2, 3, 2, 2, 2], [2, 3, 1, 2, 2], [2, 3, 1, 2, 2], [2, 4, 1, 2, 2], [2, 4, 0, 2, 2], [2, 4, 0, 2, 2], [2, 4, 1, 2, 2], [2, 5, 1, 2, 2], [2, 5, 1, 2, 2]])
('sampled state: ', [tensor([2, 2, 2, 2, 2]), tensor([2, 2, 2, 2, 2]), tensor([3, 1, 1, 2, 2]), tensor([3, 2, 0, 2, 2]), tensor([3, 3, 3, 2, 2]), tensor([5, 4, 1, 2, 2]), tensor([2, 6, 1, 2, 2]), tensor([2, 3, 3, 2, 2]), tensor([2, 2, 0, 2, 2]), tensor([2, 2, 0, 2, 2])])
('sampled action: ', [1, 2, 2, 3, 2, 2, 1, 0, 0, 1])
('current state: ', [[2, 5, 2, 2, 2], [2, 5, 2, 2, 2], [2, 5, 2, 2, 2], [2, 5, 2, 2, 2], [2, 5, 2, 2, 2], [2, 5, 2, 2, 2], [2, 5, 3, 2, 2], [2, 5, 2, 2, 2], [2, 5, 1, 2, 2], [2, 5, 2, 2, 2]])
('sampled state: ', [tensor([2, 2, 0, 2, 2]), tensor([0, 2, 3, 2, 2]), tensor([3, 1, 1, 2, 2]), tensor([2, 1, 2, 2, 2]), tensor([2, 3, 2, 2, 2]), tensor([4, 6, 2, 2, 2]), tensor([3, 1, 0, 2, 2]), tensor([2, 1, 2, 2, 2]), tensor([3, 1, 2, 2, 2]), tensor([2, 2, 0, 2, 2])])
('sampled action: ', [3, 1, 1, 0, 3, 0, 0, 0, 2, 2])
('current state: ', [[2, 5, 2, 2, 2], [2, 5, 3, 2, 2], [2, 5, 0, 2, 2], [2, 5, 3, 2, 2], [2, 5, 3, 2, 2], [2, 5, 2, 2, 2], [2, 5, 1, 2, 2], [2, 5, 0, 2, 2], [3, 5, 0, 2, 2], [4, 5, 0, 2, 2]])
('sampled state: ', [tensor([5, 2, 3, 2, 2]), tensor([2, 2, 0, 2, 2]), tensor([2, 1, 2, 2, 2]), tensor([0, 1, 1, 2, 2]), tensor([2, 2, 3, 2, 2]), tensor([1, 1, 0, 2, 2]), tensor([5, 2, 1, 2, 2]), tensor([4, 6, 1, 2, 2]), tensor([4, 2, 2, 2, 2]), tensor([2, 2, 0, 2, 2])])
('sampled action: ', [0, 0, 0, 3, 2, 3, 3, 0, 0, 0])
('current state: ', [[4, 5, 3, 2, 2], [4, 5, 2, 2, 2], [4, 5, 1, 2, 2], [4, 5, 1, 2, 2], [4, 6, 1, 2, 2], [4, 6, 1, 2, 2], [4, 6, 1, 2, 2], [4, 6, 0, 2, 2], [4, 6, 3, 2, 2], [4, 6, 2, 2, 2]])
('sampled state: ', [tensor([2, 4, 1, 2, 2]), tensor([5, 6, 1, 2, 2]), tensor([5, 3, 1, 2, 2]), tensor([2, 1, 2, 2, 2]), tensor([5, 3, 3, 2, 2]), tensor([5, 3, 1, 2, 2]), tensor([5, 1, 1, 2, 2]), tensor([3, 4, 3, 2, 2]), tensor([3, 4, 2, 2, 2]), tensor([2, 2, 0, 2, 2])])
('sampled action: ', [1, 2, 3, 1, 1, 3, 1, 1, 3, 3])
('current state: ', [[4, 6, 3, 2, 2], [4, 5, 3, 2, 2], [4, 5, 3, 2, 2], [4, 5, 0, 2, 2], [4, 5, 1, 2, 2], [4, 5, 1, 2, 2], [4, 5, 2, 2, 2], [4, 5, 3, 2, 2], [4, 5, 3, 2, 2], [4, 5, 3, 2, 2]])
('sampled state: ', [tensor([3, 4, 3, 2, 2]), tensor([3, 1, 1, 2, 2]), tensor([2, 3, 1, 2, 2]), tensor([3, 4, 3, 2, 2]), tensor([2, 1, 3, 2, 2]), tensor([2, 4, 3, 2, 2]), tensor([5, 3, 1, 2, 2]), tensor([4, 3, 2, 2, 2]), tensor([3, 2, 0, 2, 2]), tensor([2, 2, 0, 2, 2])])
('sampled action: ', [0, 0, 0, 2, 2, 0, 1, 1, 0, 0])
('current state: ', [[4, 5, 2, 2, 2], [4, 5, 1, 2, 2], [4, 5, 0, 2, 2], [5, 5, 0, 2, 2], [5, 5, 0, 2, 2], [5, 5, 3, 2, 2], [5, 5, 0, 2, 2], [5, 5, 1, 2, 2], [5, 5, 0, 2, 2], [5, 5, 3, 2, 2]])
('sampled state: ', [tensor([5, 3, 1, 2, 2]), tensor([2, 2, 1, 2, 2]), tensor([2, 1, 1, 2, 2]), tensor([2, 2, 2, 2, 2]), tensor([4, 4, 1, 2, 2]), tensor([5, 3, 0, 2, 2]), tensor([0, 4, 2, 2, 2]), tensor([3, 2, 3, 2, 2]), tensor([2, 3, 3, 2, 2]), tensor([2, 2, 0, 2, 2])])
('sampled action: ', [1, 3, 0, 0, 0, 0, 3, 0, 0, 2])
('actions: ', [2, 3, 0, 3, 2, 0, 3, 1, 2, 3, 1, 2, 2, 3, 2, 2, 1, 0, 0, 1, 3, 1, 1, 0, 3, 0, 0, 0, 2, 2, 0, 0, 0, 3, 2, 3, 3, 0, 0, 0, 1, 2, 3, 1, 1, 3, 1, 1, 3, 3, 0, 0, 0, 2, 2, 0, 1, 1, 0, 0, 1, 3, 0, 0])
('current state: ', [[4, 2, 2, 5, 2], [3, 2, 2, 5, 2], [3, 2, 1, 5, 2], [3, 2, 2, 5, 2], [3, 2, 1, 5, 2], [3, 2, 1, 5, 2], [3, 2, 2, 5, 2], [3, 2, 1, 5, 2], [3, 2, 0, 5, 2], [3, 2, 3, 5, 2]])
('sampled state: ', [tensor([5, 6, 2, 5, 2]), tensor([1, 4, 3, 5, 2]), tensor([5, 6, 1, 5, 2]), tensor([2, 1, 3, 5, 2]), tensor([2, 4, 2, 5, 2]), tensor([4, 6, 3, 5, 2]), tensor([4, 6, 2, 5, 2]), tensor([3, 4, 2, 5, 2]), tensor([2, 6, 0, 5, 2]), tensor([5, 2, 0, 5, 2])])
('sampled action: ', [2, 0, 3, 1, 2, 0, 0, 3, 2, 0])
('current state: ', [[3, 1, 3, 5, 2], [3, 1, 2, 5, 2], [3, 1, 2, 5, 2], [3, 1, 3, 5, 2], [3, 1, 3, 5, 2], [3, 1, 2, 5, 2], [3, 1, 1, 5, 2], [3, 1, 1, 5, 2], [3, 2, 1, 5, 2], [3, 2, 0, 5, 2]])
('sampled state: ', [tensor([5, 3, 1, 5, 2]), tensor([3, 3, 2, 5, 2]), tensor([5, 1, 1, 5, 2]), tensor([3, 4, 1, 5, 2]), tensor([0, 4, 2, 5, 2]), tensor([3, 4, 3, 5, 2]), tensor([2, 1, 3, 5, 2]), tensor([4, 3, 0, 5, 2]), tensor([3, 2, 1, 5, 2]), tensor([5, 2, 0, 5, 2])])
('sampled action: ', [1, 0, 1, 1, 3, 3, 0, 1, 2, 2])
('current state: ', [[3, 2, 1, 5, 2], [3, 2, 0, 5, 2], [3, 2, 1, 5, 2], [3, 2, 2, 5, 2], [3, 2, 2, 5, 2], [3, 2, 2, 5, 2], [3, 2, 1, 5, 2], [3, 2, 2, 5, 2], [2, 2, 2, 5, 2], [2, 2, 2, 5, 2]])
('sampled state: ', [tensor([3, 2, 1, 5, 2]), tensor([2, 4, 2, 5, 2]), tensor([5, 4, 0, 5, 2]), tensor([3, 1, 0, 5, 2]), tensor([5, 2, 3, 5, 2]), tensor([5, 4, 3, 5, 2]), tensor([3, 4, 0, 5, 2]), tensor([4, 3, 1, 5, 2]), tensor([5, 1, 3, 5, 2]), tensor([5, 2, 0, 5, 2])])
('sampled action: ', [2, 1, 1, 3, 2, 1, 2, 0, 0, 3])
('current state: ', [[2, 2, 2, 5, 2], [2, 2, 3, 5, 2], [2, 2, 0, 5, 2], [2, 2, 0, 5, 2], [3, 2, 0, 5, 2], [3, 2, 1, 5, 2], [3, 3, 1, 5, 2], [3, 3, 0, 5, 2], [3, 3, 3, 5, 2], [3, 3, 3, 5, 2]])
('sampled state: ', [tensor([3, 3, 3, 5, 2]), tensor([3, 3, 1, 5, 2]), tensor([3, 2, 1, 5, 2]), tensor([2, 4, 3, 5, 2]), tensor([2, 3, 3, 5, 2]), tensor([4, 3, 2, 5, 2]), tensor([2, 1, 1, 5, 2]), tensor([2, 4, 1, 5, 2]), tensor([3, 3, 2, 5, 2]), tensor([5, 2, 0, 5, 2])])
('sampled action: ', [1, 1, 2, 2, 3, 0, 1, 1, 2, 2])
('current state: ', [[3, 3, 0, 5, 2], [3, 3, 1, 5, 2], [3, 4, 1, 5, 2], [3, 5, 1, 5, 2], [3, 5, 1, 5, 2], [3, 5, 0, 5, 2], [3, 5, 1, 5, 2], [3, 5, 2, 5, 2], [3, 5, 2, 5, 2], [3, 5, 2, 5, 2]])
('sampled state: ', [tensor([5, 1, 1, 5, 2]), tensor([5, 2, 2, 5, 2]), tensor([4, 6, 2, 5, 2]), tensor([2, 4, 1, 5, 2]), tensor([2, 1, 1, 5, 2]), tensor([4, 2, 1, 5, 2]), tensor([3, 6, 1, 5, 2]), tensor([3, 3, 1, 5, 2]), tensor([5, 1, 3, 5, 2]), tensor([5, 2, 0, 5, 2])])
('sampled action: ', [3, 0, 1, 3, 3, 1, 3, 1, 2, 2])
('current state: ', [[3, 5, 2, 5, 2], [3, 5, 1, 5, 2], [3, 5, 2, 5, 2], [3, 5, 2, 5, 2], [3, 5, 2, 5, 2], [3, 5, 3, 5, 2], [3, 5, 3, 5, 2], [3, 5, 0, 5, 2], [4, 5, 0, 5, 2], [4, 5, 0, 5, 2]])
('sampled state: ', [tensor([2, 6, 1, 5, 2]), tensor([5, 4, 3, 5, 2]), tensor([4, 3, 3, 5, 2]), tensor([4, 6, 0, 5, 2]), tensor([5, 2, 0, 5, 2]), tensor([5, 4, 1, 5, 2]), tensor([5, 1, 2, 5, 2]), tensor([2, 6, 1, 5, 2]), tensor([5, 3, 0, 5, 2]), tensor([5, 2, 0, 5, 2])])
('sampled action: ', [3, 1, 0, 2, 3, 0, 1, 0, 3, 1])
('actions: ', [1, 2, 0, 1, 0, 3, 1, 0, 0, 0, 2, 0, 3, 1, 2, 0, 0, 3, 2, 0, 1, 0, 1, 1, 3, 3, 0, 1, 2, 2, 2, 1, 1, 3, 2, 1, 2, 0, 0, 3, 1, 1, 2, 2, 3, 0, 1, 1, 2, 2, 3, 0, 1, 3, 3, 1, 3, 1, 2, 2, 3, 1, 0, 2])
('current state: ', [[2, 6, 2, 6, 3], [2, 6, 1, 6, 3], [2, 6, 1, 6, 3], [2, 6, 1, 6, 3], [2, 6, 1, 6, 3], [2, 6, 1, 6, 3], [2, 6, 2, 6, 3], [2, 6, 3, 6, 3], [2, 6, 3, 6, 3], [2, 6, 3, 6, 3]])
('sampled state: ', [tensor([4, 1, 1, 6, 3]), tensor([4, 2, 3, 6, 3]), tensor([5, 1, 1, 6, 3]), tensor([3, 6, 2, 6, 3]), tensor([3, 2, 1, 6, 3]), tensor([3, 4, 1, 6, 3]), tensor([4, 6, 1, 6, 3]), tensor([4, 1, 3, 6, 3]), tensor([2, 1, 1, 6, 3]), tensor([6, 3, 0, 6, 3])])
('sampled action: ', [0, 0, 3, 3, 2, 2, 0, 1, 2, 3])
('current state: ', [[2, 6, 2, 6, 3], [2, 6, 1, 6, 3], [2, 6, 1, 6, 3], [2, 6, 1, 6, 3], [2, 6, 1, 6, 3], [2, 6, 1, 6, 3], [2, 6, 0, 6, 3], [2, 6, 1, 6, 3], [2, 6, 1, 6, 3], [2, 6, 1, 6, 3]])
('sampled state: ', [tensor([3, 1, 2, 6, 3]), tensor([3, 3, 0, 6, 3]), tensor([5, 2, 3, 6, 3]), tensor([4, 4, 0, 6, 3]), tensor([4, 4, 1, 6, 3]), tensor([3, 3, 1, 6, 3]), tensor([4, 2, 0, 6, 3]), tensor([3, 4, 2, 6, 3]), tensor([2, 3, 1, 6, 3]), tensor([6, 3, 0, 6, 3])])
('sampled action: ', [3, 0, 3, 3, 1, 2, 0, 2, 0, 3])
('current state: ', [[2, 6, 1, 6, 3], [2, 6, 0, 6, 3], [2, 6, 0, 6, 3], [2, 6, 0, 6, 3], [2, 6, 1, 6, 3], [2, 6, 1, 6, 3], [2, 6, 0, 6, 3], [3, 6, 0, 6, 3], [3, 6, 3, 6, 3], [3, 6, 3, 6, 3]])
('sampled state: ', [tensor([3, 1, 1, 6, 3]), tensor([5, 3, 2, 6, 3]), tensor([5, 6, 2, 6, 3]), tensor([5, 3, 1, 6, 3]), tensor([5, 1, 1, 6, 3]), tensor([0, 6, 3, 6, 3]), tensor([5, 2, 2, 6, 3]), tensor([0, 6, 2, 6, 3]), tensor([5, 6, 0, 6, 3]), tensor([6, 3, 0, 6, 3])])
('sampled action: ', [2, 3, 1, 2, 3, 3, 3, 0, 0, 3])
('current state: ', [[3, 5, 3, 6, 3], [3, 5, 3, 6, 3], [3, 5, 0, 6, 3], [4, 5, 0, 6, 3], [4, 5, 0, 6, 3], [4, 5, 0, 6, 3], [4, 5, 0, 6, 3], [4, 5, 3, 6, 3], [4, 5, 2, 6, 3], [4, 5, 2, 6, 3]])
('sampled state: ', [tensor([3, 2, 1, 6, 3]), tensor([4, 1, 1, 6, 3]), tensor([4, 3, 2, 6, 3]), tensor([5, 3, 3, 6, 3]), tensor([4, 1, 3, 6, 3]), tensor([2, 4, 3, 6, 3]), tensor([2, 6, 1, 6, 3]), tensor([4, 4, 0, 6, 3]), tensor([4, 2, 3, 6, 3]), tensor([6, 3, 0, 6, 3])])
('sampled action: ', [3, 2, 3, 3, 3, 0, 1, 1, 0, 0])
('current state: ', [[4, 5, 2, 6, 3], [3, 5, 2, 6, 3], [3, 5, 2, 6, 3], [3, 5, 2, 6, 3], [3, 5, 2, 6, 3], [3, 5, 1, 6, 3], [3, 5, 2, 6, 3], [3, 5, 3, 6, 3], [3, 5, 2, 6, 3], [3, 5, 1, 6, 3]])
('sampled state: ', [tensor([2, 4, 1, 6, 3]), tensor([4, 1, 1, 6, 3]), tensor([5, 4, 3, 6, 3]), tensor([5, 4, 2, 6, 3]), tensor([0, 6, 1, 6, 3]), tensor([3, 4, 3, 6, 3]), tensor([5, 6, 1, 6, 3]), tensor([2, 4, 3, 6, 3]), tensor([3, 3, 3, 6, 3]), tensor([6, 3, 0, 6, 3])])
('sampled action: ', [1, 0, 0, 0, 3, 0, 0, 2, 1, 0])
('current state: ', [[3, 5, 2, 6, 3], [3, 5, 1, 6, 3], [3, 5, 0, 6, 3], [3, 5, 3, 6, 3], [3, 5, 3, 6, 3], [3, 5, 2, 6, 3], [3, 5, 1, 6, 3], [3, 6, 1, 6, 3], [3, 6, 2, 6, 3], [3, 6, 1, 6, 3]])
('sampled state: ', [tensor([5, 6, 1, 6, 3]), tensor([2, 2, 2, 6, 3]), tensor([3, 1, 0, 6, 3]), tensor([5, 4, 1, 6, 3]), tensor([3, 2, 0, 6, 3]), tensor([4, 1, 2, 6, 3]), tensor([3, 4, 2, 6, 3]), tensor([5, 4, 2, 6, 3]), tensor([5, 4, 0, 6, 3]), tensor([6, 3, 0, 6, 3])])
('sampled action: ', [2, 2, 2, 1, 1, 0, 1, 3, 1, 3])
('actions: ', [1, 0, 2, 2, 3, 2, 1, 1, 2, 2, 0, 0, 3, 3, 2, 2, 0, 1, 2, 3, 3, 0, 3, 3, 1, 2, 0, 2, 0, 3, 2, 3, 1, 2, 3, 3, 3, 0, 0, 3, 3, 2, 3, 3, 3, 0, 1, 1, 0, 0, 1, 0, 0, 0, 3, 0, 0, 2, 1, 0, 2, 2, 2, 1])
success_rate: 0.2, eval_return 0.126875
Test it 3000
('current state: ', [[4, 1, 2, 6, 1], [4, 1, 1, 6, 1], [4, 1, 2, 6, 1], [4, 1, 1, 6, 1], [4, 1, 2, 6, 1], [4, 1, 2, 6, 1], [3, 1, 2, 6, 1], [3, 1, 2, 6, 1], [3, 1, 2, 6, 1], [3, 1, 3, 6, 1]])
('sampled state: ', [tensor([5, 6, 1, 6, 1]), tensor([5, 6, 0, 6, 1]), tensor([5, 6, 1, 6, 1]), tensor([5, 6, 1, 6, 1]), tensor([5, 6, 0, 6, 1]), tensor([5, 6, 0, 6, 1]), tensor([5, 6, 2, 6, 1]), tensor([5, 6, 2, 6, 1]), tensor([5, 6, 2, 6, 1]), tensor([6, 1, 0, 6, 1])])
('sampled action: ', [2, 0, 3, 1, 2, 0, 1, 0, 3, 1])
('current state: ', [[3, 1, 3, 6, 1], [3, 1, 2, 6, 1], [3, 1, 2, 6, 1], [3, 1, 3, 6, 1], [3, 1, 3, 6, 1], [3, 1, 2, 6, 1], [3, 1, 3, 6, 1], [3, 1, 2, 6, 1], [3, 1, 2, 6, 1], [3, 1, 3, 6, 1]])
('sampled state: ', [tensor([5, 6, 1, 6, 1]), tensor([5, 6, 2, 6, 1]), tensor([5, 6, 0, 6, 1]), tensor([5, 6, 0, 6, 1]), tensor([5, 6, 1, 6, 1]), tensor([5, 6, 0, 6, 1]), tensor([5, 6, 1, 6, 1]), tensor([5, 6, 2, 6, 1]), tensor([5, 6, 2, 6, 1]), tensor([6, 1, 0, 6, 1])])
('sampled action: ', [0, 3, 2, 2, 2, 1, 3, 3, 1, 0])
('current state: ', [[3, 1, 2, 6, 1], [3, 1, 2, 6, 1], [2, 1, 2, 6, 1], [2, 1, 2, 6, 1], [2, 1, 2, 6, 1], [2, 1, 3, 6, 1], [2, 1, 3, 6, 1], [2, 1, 3, 6, 1], [2, 1, 0, 6, 1], [2, 1, 3, 6, 1]])
('sampled state: ', [tensor([5, 6, 1, 6, 1]), tensor([5, 6, 3, 6, 1]), tensor([5, 6, 2, 6, 1]), tensor([5, 6, 0, 6, 1]), tensor([5, 6, 0, 6, 1]), tensor([5, 6, 1, 6, 1]), tensor([5, 6, 2, 6, 1]), tensor([5, 1, 3, 6, 1]), tensor([5, 1, 2, 6, 1]), tensor([6, 1, 0, 6, 1])])
('sampled action: ', [1, 3, 3, 3, 1, 1, 3, 3, 1, 0])
('current state: ', [[2, 1, 0, 6, 1], [2, 1, 0, 6, 1], [2, 1, 0, 6, 1], [2, 1, 0, 6, 1], [2, 1, 1, 6, 1], [2, 1, 2, 6, 1], [2, 1, 2, 6, 1], [2, 1, 2, 6, 1], [2, 1, 3, 6, 1], [2, 1, 2, 6, 1]])
('sampled state: ', [tensor([5, 6, 2, 6, 1]), tensor([5, 6, 1, 6, 1]), tensor([5, 6, 1, 6, 1]), tensor([5, 6, 0, 6, 1]), tensor([5, 6, 0, 6, 1]), tensor([5, 1, 0, 6, 1]), tensor([5, 1, 3, 6, 1]), tensor([5, 1, 0, 6, 1]), tensor([5, 1, 1, 6, 1]), tensor([6, 1, 0, 6, 1])])
('sampled action: ', [1, 2, 2, 1, 0, 2, 0, 1, 1, 3])
('current state: ', [[2, 1, 3, 6, 1], [2, 1, 3, 6, 1], [2, 1, 3, 6, 1], [2, 1, 0, 6, 1], [2, 1, 3, 6, 1], [2, 1, 3, 6, 1], [2, 1, 2, 6, 1], [2, 1, 3, 6, 1], [2, 1, 0, 6, 1], [2, 1, 0, 6, 1]])
('sampled state: ', [tensor([5, 6, 3, 6, 1]), tensor([5, 1, 1, 6, 1]), tensor([5, 1, 2, 6, 1]), tensor([5, 1, 1, 6, 1]), tensor([5, 6, 1, 6, 1]), tensor([5, 1, 0, 6, 1]), tensor([5, 1, 1, 6, 1]), tensor([5, 1, 3, 6, 1]), tensor([5, 1, 0, 6, 1]), tensor([6, 1, 0, 6, 1])])
('sampled action: ', [0, 0, 1, 1, 0, 1, 2, 3, 1, 2])
('current state: ', [[2, 1, 3, 6, 1], [2, 1, 2, 6, 1], [2, 1, 3, 6, 1], [2, 1, 0, 6, 1], [2, 1, 3, 6, 1], [2, 1, 0, 6, 1], [3, 1, 0, 6, 1], [3, 1, 0, 6, 1], [3, 1, 1, 6, 1], [3, 2, 1, 6, 1]])
('sampled state: ', [tensor([5, 6, 2, 6, 1]), tensor([5, 6, 1, 6, 1]), tensor([5, 6, 0, 6, 1]), tensor([5, 6, 1, 6, 1]), tensor([5, 6, 0, 6, 1]), tensor([5, 6, 1, 6, 1]), tensor([5, 6, 3, 6, 1]), tensor([5, 6, 0, 6, 1]), tensor([5, 6, 3, 6, 1]), tensor([6, 1, 0, 6, 1])])
('sampled action: ', [3, 2, 0, 2, 0, 1, 0, 0, 0, 1])
('actions: ', [2, 0, 1, 0, 1, 3, 2, 3, 3, 1, 2, 0, 3, 1, 2, 0, 1, 0, 3, 1, 0, 3, 2, 2, 2, 1, 3, 3, 1, 0, 1, 3, 3, 3, 1, 1, 3, 3, 1, 0, 1, 2, 2, 1, 0, 2, 0, 1, 1, 3, 0, 0, 1, 1, 0, 1, 2, 3, 1, 2, 3, 2, 0, 2])
('current state: ', [[1, 5, 1, 5, 3], [1, 5, 1, 5, 3], [1, 5, 1, 5, 3], [1, 6, 1, 5, 3], [1, 6, 1, 5, 3], [1, 6, 0, 5, 3], [2, 6, 0, 5, 3], [2, 6, 0, 5, 3], [2, 6, 0, 5, 3], [2, 6, 3, 5, 3]])
('sampled state: ', [tensor([1, 4, 2, 5, 3]), tensor([1, 4, 2, 5, 3]), tensor([1, 4, 3, 5, 3]), tensor([1, 4, 0, 5, 3]), tensor([1, 4, 3, 5, 3]), tensor([1, 4, 2, 5, 3]), tensor([1, 4, 3, 5, 3]), tensor([1, 4, 0, 5, 3]), tensor([1, 4, 3, 5, 3]), tensor([5, 3, 0, 5, 3])])
('sampled action: ', [2, 0, 1, 3, 3, 0, 1, 2, 3, 1])
('current state: ', [[2, 6, 3, 5, 3], [2, 6, 2, 5, 3], [2, 6, 3, 5, 3], [2, 6, 3, 5, 3], [2, 6, 3, 5, 3], [2, 6, 2, 5, 3], [2, 6, 3, 5, 3], [2, 6, 3, 5, 3], [2, 6, 3, 5, 3], [2, 6, 0, 5, 3]])
('sampled state: ', [tensor([1, 4, 3, 5, 3]), tensor([1, 4, 0, 5, 3]), tensor([1, 4, 0, 5, 3]), tensor([1, 4, 0, 5, 3]), tensor([1, 4, 2, 5, 3]), tensor([1, 4, 1, 5, 3]), tensor([1, 4, 1, 5, 3]), tensor([1, 4, 0, 5, 3]), tensor([1, 4, 1, 5, 3]), tensor([5, 3, 0, 5, 3])])
('sampled action: ', [2, 1, 2, 3, 1, 3, 1, 3, 2, 2])
('current state: ', [[3, 6, 0, 5, 3], [3, 6, 1, 5, 3], [3, 6, 1, 5, 3], [3, 6, 1, 5, 3], [3, 6, 2, 5, 3], [3, 6, 2, 5, 3], [3, 6, 3, 5, 3], [3, 6, 3, 5, 3], [3, 5, 3, 5, 3], [3, 4, 3, 5, 3]])
('sampled state: ', [tensor([1, 4, 2, 5, 3]), tensor([1, 4, 2, 5, 3]), tensor([1, 4, 0, 5, 3]), tensor([1, 4, 1, 5, 3]), tensor([1, 4, 0, 5, 3]), tensor([1, 4, 3, 5, 3]), tensor([1, 4, 3, 5, 3]), tensor([1, 4, 2, 5, 3]), tensor([1, 4, 2, 5, 3]), tensor([5, 3, 0, 5, 3])])
('sampled action: ', [1, 0, 2, 1, 1, 1, 0, 1, 0, 2])
('current state: ', [[3, 4, 0, 5, 3], [3, 4, 3, 5, 3], [3, 3, 3, 5, 3], [3, 3, 0, 5, 3], [3, 3, 1, 5, 3], [3, 3, 2, 5, 3], [3, 3, 1, 5, 3], [3, 3, 2, 5, 3], [3, 3, 1, 5, 3], [3, 4, 1, 5, 3]])
('sampled state: ', [tensor([1, 4, 0, 5, 3]), tensor([1, 4, 1, 5, 3]), tensor([1, 4, 2, 5, 3]), tensor([1, 4, 1, 5, 3]), tensor([1, 4, 3, 5, 3]), tensor([1, 4, 2, 5, 3]), tensor([1, 4, 0, 5, 3]), tensor([1, 4, 2, 5, 3]), tensor([1, 4, 1, 5, 3]), tensor([5, 3, 0, 5, 3])])
('sampled action: ', [1, 2, 2, 1, 0, 1, 0, 0, 0, 2])
('current state: ', [[3, 4, 2, 5, 3], [2, 4, 2, 5, 3], [1, 4, 2, 5, 3], [1, 4, 3, 5, 3], [1, 4, 2, 5, 3], [1, 4, 3, 5, 3], [1, 4, 2, 5, 3], [1, 4, 1, 5, 3], [1, 4, 0, 5, 3], [2, 4, 0, 5, 3]])
('sampled state: ', [tensor([1, 4, 3, 5, 3]), tensor([1, 4, 1, 5, 3]), tensor([1, 4, 3, 5, 3]), tensor([1, 4, 3, 5, 3]), tensor([1, 4, 2, 5, 3]), tensor([1, 4, 1, 5, 3]), tensor([1, 4, 2, 5, 3]), tensor([1, 4, 2, 5, 3]), tensor([1, 4, 1, 5, 3]), tensor([5, 3, 0, 5, 3])])
('sampled action: ', [3, 3, 2, 0, 0, 1, 3, 3, 3, 0])
('current state: ', [[2, 4, 0, 5, 3], [2, 4, 0, 5, 3], [3, 4, 0, 5, 3], [3, 4, 3, 5, 3], [3, 4, 2, 5, 3], [3, 4, 3, 5, 3], [3, 4, 3, 5, 3], [3, 4, 3, 5, 3], [3, 4, 3, 5, 3], [3, 4, 2, 5, 3]])
('sampled state: ', [tensor([1, 4, 3, 5, 3]), tensor([1, 4, 0, 5, 3]), tensor([1, 4, 0, 5, 3]), tensor([1, 4, 0, 5, 3]), tensor([1, 4, 0, 5, 3]), tensor([1, 4, 3, 5, 3]), tensor([1, 4, 2, 5, 3]), tensor([1, 4, 3, 5, 3]), tensor([1, 4, 0, 5, 3]), tensor([5, 3, 0, 5, 3])])
('sampled action: ', [3, 2, 1, 0, 3, 1, 0, 2, 0, 0])
('actions: ', [2, 2, 3, 2, 3, 0, 2, 3, 3, 0, 2, 0, 1, 3, 3, 0, 1, 2, 3, 1, 2, 1, 2, 3, 1, 3, 1, 3, 2, 2, 1, 0, 2, 1, 1, 1, 0, 1, 0, 2, 1, 2, 2, 1, 0, 1, 0, 0, 0, 2, 3, 3, 2, 0, 0, 1, 3, 3, 3, 0, 3, 2, 1, 0])
('current state: ', [[1, 4, 3, 3, 3], [1, 4, 3, 3, 3], [1, 4, 2, 3, 3], [1, 4, 3, 3, 3], [1, 4, 2, 3, 3], [1, 4, 2, 3, 3], [1, 4, 2, 3, 3], [1, 4, 2, 3, 3], [1, 4, 2, 3, 3], [1, 4, 3, 3, 3]])
('sampled state: ', [tensor([1, 4, 2, 3, 3]), tensor([1, 4, 3, 3, 3]), tensor([1, 4, 1, 3, 3]), tensor([1, 4, 2, 3, 3]), tensor([1, 4, 0, 3, 3]), tensor([1, 4, 3, 3, 3]), tensor([1, 4, 3, 3, 3]), tensor([1, 4, 3, 3, 3]), tensor([1, 4, 0, 3, 3]), tensor([3, 3, 0, 3, 3])])
('sampled action: ', [0, 1, 3, 2, 0, 3, 2, 3, 0, 1])
('current state: ', [[1, 4, 2, 3, 3], [1, 4, 3, 3, 3], [1, 4, 3, 3, 3], [1, 3, 3, 3, 3], [1, 3, 2, 3, 3], [1, 3, 2, 3, 3], [1, 3, 2, 3, 3], [1, 3, 2, 3, 3], [1, 3, 1, 3, 3], [1, 3, 2, 3, 3]])
('sampled state: ', [tensor([1, 4, 3, 3, 3]), tensor([1, 4, 2, 3, 3]), tensor([1, 4, 1, 3, 3]), tensor([1, 4, 1, 3, 3]), tensor([1, 4, 0, 3, 3]), tensor([1, 4, 0, 3, 3]), tensor([1, 4, 3, 3, 3]), tensor([1, 4, 0, 3, 3]), tensor([1, 4, 2, 3, 3]), tensor([3, 3, 0, 3, 3])])
('sampled action: ', [1, 0, 0, 3, 3, 1, 0, 0, 1, 3])
('current state: ', [[1, 3, 3, 3, 3], [1, 3, 2, 3, 3], [1, 3, 1, 3, 3], [1, 3, 1, 3, 3], [1, 3, 1, 3, 3], [1, 3, 2, 3, 3], [1, 3, 1, 3, 3], [1, 3, 0, 3, 3], [1, 3, 1, 3, 3], [1, 3, 1, 3, 3]])
('sampled state: ', [tensor([1, 4, 3, 3, 3]), tensor([1, 4, 0, 3, 3]), tensor([1, 4, 2, 3, 3]), tensor([1, 4, 0, 3, 3]), tensor([1, 4, 0, 3, 3]), tensor([1, 4, 3, 3, 3]), tensor([1, 4, 2, 3, 3]), tensor([1, 4, 0, 3, 3]), tensor([1, 4, 2, 3, 3]), tensor([3, 3, 0, 3, 3])])
('sampled action: ', [1, 1, 2, 0, 1, 0, 1, 0, 1, 2])
('current state: ', [[1, 3, 2, 3, 3], [1, 3, 3, 3, 3], [1, 3, 3, 3, 3], [1, 3, 2, 3, 3], [1, 3, 3, 3, 3], [1, 3, 2, 3, 3], [1, 3, 3, 3, 3], [1, 3, 2, 3, 3], [1, 3, 3, 3, 3], [1, 3, 3, 3, 3]])
('sampled state: ', [tensor([1, 4, 0, 3, 3]), tensor([1, 4, 3, 3, 3]), tensor([1, 4, 3, 3, 3]), tensor([1, 4, 1, 3, 3]), tensor([1, 4, 2, 3, 3]), tensor([1, 4, 3, 3, 3]), tensor([1, 5, 1, 3, 3]), tensor([1, 4, 0, 3, 3]), tensor([1, 4, 1, 3, 3]), tensor([3, 3, 0, 3, 3])])
('sampled action: ', [0, 0, 0, 1, 2, 3, 3, 3, 3, 0])
('current state: ', [[1, 3, 2, 3, 3], [1, 3, 1, 3, 3], [1, 3, 0, 3, 3], [1, 3, 1, 3, 3], [1, 4, 1, 3, 3], [1, 4, 1, 3, 3], [1, 4, 1, 3, 3], [1, 4, 1, 3, 3], [1, 4, 1, 3, 3], [1, 4, 0, 3, 3]])
('sampled state: ', [tensor([1, 4, 2, 3, 3]), tensor([1, 4, 0, 3, 3]), tensor([1, 4, 0, 3, 3]), tensor([1, 4, 0, 3, 3]), tensor([1, 4, 0, 3, 3]), tensor([1, 4, 0, 3, 3]), tensor([1, 4, 2, 3, 3]), tensor([1, 4, 3, 3, 3]), tensor([1, 4, 1, 3, 3]), tensor([3, 3, 0, 3, 3])])
('sampled action: ', [1, 0, 0, 1, 2, 2, 0, 2, 3, 1])
('current state: ', [[1, 4, 1, 3, 3], [1, 4, 0, 3, 3], [1, 4, 3, 3, 3], [1, 4, 0, 3, 3], [1, 4, 0, 3, 3], [1, 4, 0, 3, 3], [1, 4, 3, 3, 3], [1, 3, 3, 3, 3], [1, 3, 3, 3, 3], [1, 3, 0, 3, 3]])
('sampled state: ', [tensor([1, 4, 1, 3, 3]), tensor([1, 4, 0, 3, 3]), tensor([1, 4, 3, 3, 3]), tensor([1, 4, 3, 3, 3]), tensor([1, 4, 3, 3, 3]), tensor([1, 4, 2, 3, 3]), tensor([1, 4, 2, 3, 3]), tensor([1, 4, 2, 3, 3]), tensor([1, 4, 0, 3, 3]), tensor([3, 3, 0, 3, 3])])
('sampled action: ', [2, 3, 2, 0, 3, 0, 3, 2, 1, 1])
('actions: ', [1, 3, 0, 1, 0, 3, 2, 3, 3, 1, 0, 1, 3, 2, 0, 3, 2, 3, 0, 1, 1, 0, 0, 3, 3, 1, 0, 0, 1, 3, 1, 1, 2, 0, 1, 0, 1, 0, 1, 2, 0, 0, 0, 1, 2, 3, 3, 3, 3, 0, 1, 0, 0, 1, 2, 2, 0, 2, 3, 1, 2, 3, 2, 0])
('current state: ', [[2, 6, 0, 4, 1], [2, 6, 3, 4, 1], [2, 6, 2, 4, 1], [2, 6, 2, 4, 1], [2, 6, 2, 4, 1], [2, 6, 2, 4, 1], [2, 6, 3, 4, 1], [2, 6, 2, 4, 1], [1, 6, 2, 4, 1], [1, 6, 2, 4, 1]])
('sampled state: ', [tensor([2, 6, 0, 4, 1]), tensor([2, 6, 0, 4, 1]), tensor([2, 5, 1, 4, 1]), tensor([2, 6, 2, 4, 1]), tensor([2, 6, 2, 4, 1]), tensor([2, 6, 0, 4, 1]), tensor([2, 6, 2, 4, 1]), tensor([2, 6, 2, 4, 1]), tensor([2, 6, 0, 4, 1]), tensor([4, 1, 0, 4, 1])])
('sampled action: ', [2, 2, 2, 1, 1, 3, 0, 0, 0, 3])
('current state: ', [[1, 6, 2, 4, 1], [1, 6, 2, 4, 1], [1, 6, 2, 4, 1], [1, 6, 3, 4, 1], [1, 6, 0, 4, 1], [1, 6, 0, 4, 1], [1, 6, 3, 4, 1], [1, 6, 2, 4, 1], [1, 6, 1, 4, 1], [1, 6, 1, 4, 1]])
('sampled state: ', [tensor([2, 6, 1, 4, 1]), tensor([2, 6, 2, 4, 1]), tensor([2, 6, 1, 4, 1]), tensor([2, 6, 3, 4, 1]), tensor([2, 6, 3, 4, 1]), tensor([2, 6, 2, 4, 1]), tensor([2, 6, 1, 4, 1]), tensor([2, 6, 1, 4, 1]), tensor([2, 6, 2, 4, 1]), tensor([4, 1, 0, 4, 1])])
('sampled action: ', [1, 0, 1, 1, 1, 1, 3, 3, 1, 1])
('current state: ', [[1, 6, 2, 4, 1], [1, 6, 1, 4, 1], [1, 6, 2, 4, 1], [1, 6, 3, 4, 1], [1, 6, 0, 4, 1], [1, 6, 1, 4, 1], [1, 6, 1, 4, 1], [1, 6, 1, 4, 1], [1, 6, 2, 4, 1], [1, 6, 3, 4, 1]])
('sampled state: ', [tensor([2, 6, 1, 4, 1]), tensor([2, 6, 1, 4, 1]), tensor([2, 6, 1, 4, 1]), tensor([2, 6, 1, 4, 1]), tensor([2, 6, 3, 4, 1]), tensor([2, 6, 0, 4, 1]), tensor([2, 6, 3, 4, 1]), tensor([2, 6, 2, 4, 1]), tensor([2, 6, 1, 4, 1]), tensor([4, 1, 0, 4, 1])])
('sampled action: ', [0, 0, 1, 1, 2, 1, 0, 1, 2, 2])
('current state: ', [[1, 6, 2, 4, 1], [1, 6, 1, 4, 1], [1, 6, 2, 4, 1], [1, 6, 3, 4, 1], [1, 6, 3, 4, 1], [1, 6, 0, 4, 1], [1, 6, 3, 4, 1], [1, 6, 0, 4, 1], [2, 6, 0, 4, 1], [3, 6, 0, 4, 1]])
('sampled state: ', [tensor([2, 6, 2, 4, 1]), tensor([2, 6, 1, 4, 1]), tensor([2, 6, 0, 4, 1]), tensor([2, 6, 0, 4, 1]), tensor([2, 6, 2, 4, 1]), tensor([2, 6, 1, 4, 1]), tensor([2, 6, 1, 4, 1]), tensor([2, 6, 2, 4, 1]), tensor([2, 6, 0, 4, 1]), tensor([4, 1, 0, 4, 1])])
('sampled action: ', [3, 1, 0, 0, 3, 3, 2, 0, 0, 0])
('current state: ', [[3, 6, 0, 4, 1], [3, 6, 1, 4, 1], [3, 6, 0, 4, 1], [3, 6, 3, 4, 1], [3, 6, 3, 4, 1], [3, 6, 3, 4, 1], [3, 5, 3, 4, 1], [3, 5, 2, 4, 1], [3, 5, 1, 4, 1], [3, 5, 0, 4, 1]])
('sampled state: ', [tensor([2, 6, 3, 4, 1]), tensor([2, 6, 0, 4, 1]), tensor([2, 6, 2, 4, 1]), tensor([2, 6, 1, 4, 1]), tensor([2, 6, 2, 4, 1]), tensor([2, 6, 3, 4, 1]), tensor([2, 6, 1, 4, 1]), tensor([2, 6, 1, 4, 1]), tensor([2, 6, 0, 4, 1]), tensor([4, 1, 0, 4, 1])])
('sampled action: ', [2, 3, 3, 2, 0, 2, 0, 0, 2, 1])
('current state: ', [[4, 5, 0, 4, 1], [4, 5, 0, 4, 1], [4, 5, 0, 4, 1], [5, 5, 0, 4, 1], [5, 5, 3, 4, 1], [5, 4, 3, 4, 1], [5, 4, 2, 4, 1], [5, 4, 1, 4, 1], [5, 5, 1, 4, 1], [5, 5, 2, 4, 1]])
('sampled state: ', [tensor([2, 6, 1, 4, 1]), tensor([2, 6, 0, 4, 1]), tensor([2, 6, 2, 4, 1]), tensor([2, 6, 2, 4, 1]), tensor([2, 6, 2, 4, 1]), tensor([2, 6, 0, 4, 1]), tensor([2, 6, 1, 4, 1]), tensor([2, 6, 2, 4, 1]), tensor([2, 6, 1, 4, 1]), tensor([4, 1, 0, 4, 1])])
('sampled action: ', [3, 1, 0, 2, 1, 2, 0, 2, 2, 1])
('actions: ', [1, 0, 0, 2, 3, 3, 1, 0, 2, 2, 2, 2, 2, 1, 1, 3, 0, 0, 0, 3, 1, 0, 1, 1, 1, 1, 3, 3, 1, 1, 0, 0, 1, 1, 2, 1, 0, 1, 2, 2, 3, 1, 0, 0, 3, 3, 2, 0, 0, 0, 2, 3, 3, 2, 0, 2, 0, 0, 2, 1, 3, 1, 0, 2])
('current state: ', [[5, 1, 1, 6, 3], [5, 2, 1, 6, 3], [5, 2, 1, 6, 3], [5, 2, 0, 6, 3], [5, 2, 1, 6, 3], [5, 2, 0, 6, 3], [5, 2, 0, 6, 3], [5, 2, 3, 6, 3], [5, 2, 0, 6, 3], [5, 2, 3, 6, 3]])
('sampled state: ', [tensor([5, 6, 1, 6, 3]), tensor([5, 6, 2, 6, 3]), tensor([5, 1, 0, 6, 3]), tensor([5, 1, 2, 6, 3]), tensor([5, 1, 0, 6, 3]), tensor([5, 1, 2, 6, 3]), tensor([5, 1, 3, 6, 3]), tensor([5, 1, 3, 6, 3]), tensor([5, 1, 2, 6, 3]), tensor([6, 3, 0, 6, 3])])
('sampled action: ', [0, 3, 1, 2, 3, 3, 1, 0, 1, 1])
('current state: ', [[5, 2, 2, 6, 3], [5, 2, 2, 6, 3], [5, 2, 3, 6, 3], [5, 1, 3, 6, 3], [5, 1, 3, 6, 3], [5, 1, 3, 6, 3], [5, 1, 0, 6, 3], [5, 1, 3, 6, 3], [5, 1, 0, 6, 3], [5, 1, 1, 6, 3]])
('sampled state: ', [tensor([5, 1, 2, 6, 3]), tensor([5, 6, 1, 6, 3]), tensor([5, 1, 0, 6, 3]), tensor([5, 1, 1, 6, 3]), tensor([5, 6, 3, 6, 3]), tensor([5, 1, 3, 6, 3]), tensor([5, 6, 0, 6, 3]), tensor([5, 6, 1, 6, 3]), tensor([5, 1, 0, 6, 3]), tensor([6, 3, 0, 6, 3])])
('sampled action: ', [2, 0, 1, 0, 1, 3, 0, 2, 3, 3])
('current state: ', [[5, 2, 1, 6, 3], [5, 2, 0, 6, 3], [5, 2, 1, 6, 3], [5, 2, 0, 6, 3], [5, 2, 1, 6, 3], [5, 2, 1, 6, 3], [5, 2, 0, 6, 3], [5, 2, 0, 6, 3], [5, 2, 0, 6, 3], [5, 2, 0, 6, 3]])
('sampled state: ', [tensor([5, 1, 2, 6, 3]), tensor([5, 1, 0, 6, 3]), tensor([5, 1, 3, 6, 3]), tensor([5, 1, 2, 6, 3]), tensor([5, 1, 3, 6, 3]), tensor([5, 1, 1, 6, 3]), tensor([5, 1, 0, 6, 3]), tensor([5, 1, 3, 6, 3]), tensor([5, 1, 2, 6, 3]), tensor([6, 3, 0, 6, 3])])
('sampled action: ', [1, 3, 3, 1, 0, 2, 1, 3, 0, 2])
('current state: ', [[5, 2, 1, 6, 3], [5, 2, 1, 6, 3], [5, 2, 1, 6, 3], [5, 2, 2, 6, 3], [5, 2, 1, 6, 3], [5, 3, 1, 6, 3], [5, 3, 2, 6, 3], [5, 3, 2, 6, 3], [5, 3, 1, 6, 3], [5, 4, 1, 6, 3]])
('sampled state: ', [tensor([5, 6, 3, 6, 3]), tensor([5, 6, 1, 6, 3]), tensor([5, 6, 3, 6, 3]), tensor([5, 6, 0, 6, 3]), tensor([5, 6, 0, 6, 3]), tensor([5, 6, 0, 6, 3]), tensor([5, 6, 0, 6, 3]), tensor([5, 6, 0, 6, 3]), tensor([5, 6, 0, 6, 3]), tensor([6, 3, 0, 6, 3])])
('sampled action: ', [2, 0, 0, 3, 1, 0, 1, 0, 3, 3])
('current state: ', [[5, 5, 1, 6, 3], [5, 5, 0, 6, 3], [5, 5, 3, 6, 3], [5, 5, 3, 6, 3], [5, 5, 0, 6, 3], [5, 5, 3, 6, 3], [5, 5, 0, 6, 3], [5, 5, 3, 6, 3], [5, 5, 3, 6, 3], [5, 5, 3, 6, 3]])
('sampled state: ', [tensor([5, 1, 1, 6, 3]), tensor([5, 1, 1, 6, 3]), tensor([5, 6, 2, 6, 3]), tensor([5, 6, 0, 6, 3]), tensor([5, 6, 2, 6, 3]), tensor([5, 6, 2, 6, 3]), tensor([5, 6, 1, 6, 3]), tensor([5, 6, 2, 6, 3]), tensor([5, 1, 1, 6, 3]), tensor([6, 3, 0, 6, 3])])
('sampled action: ', [2, 0, 3, 3, 3, 1, 1, 3, 0, 0])
('current state: ', [[5, 4, 3, 6, 3], [5, 4, 2, 6, 3], [5, 4, 2, 6, 3], [5, 4, 2, 6, 3], [5, 4, 2, 6, 3], [5, 4, 3, 6, 3], [5, 4, 0, 6, 3], [5, 4, 0, 6, 3], [5, 4, 3, 6, 3], [5, 4, 2, 6, 3]])
('sampled state: ', [tensor([5, 6, 2, 6, 3]), tensor([5, 6, 2, 6, 3]), tensor([5, 6, 0, 6, 3]), tensor([5, 6, 2, 6, 3]), tensor([5, 1, 3, 6, 3]), tensor([5, 1, 2, 6, 3]), tensor([5, 1, 2, 6, 3]), tensor([5, 1, 1, 6, 3]), tensor([5, 1, 1, 6, 3]), tensor([6, 3, 0, 6, 3])])
('sampled action: ', [1, 3, 1, 2, 1, 3, 0, 3, 3, 0])
('actions: ', [1, 2, 3, 0, 1, 0, 2, 0, 1, 0, 0, 3, 1, 2, 3, 3, 1, 0, 1, 1, 2, 0, 1, 0, 1, 3, 0, 2, 3, 3, 1, 3, 3, 1, 0, 2, 1, 3, 0, 2, 2, 0, 0, 3, 1, 0, 1, 0, 3, 3, 2, 0, 3, 3, 3, 1, 1, 3, 0, 0, 1, 3, 1, 2])
success_rate: 0.0, eval_return 0.0
